[2023-04-12T02:32:52.294] [INFO] info - info debug message
[2023-04-12T02:33:02.837] [INFO] info - info debug message
[2023-04-12T02:41:00.104] [INFO] info - info debug message
[2023-04-12T02:41:19.440] [INFO] info - info debug message
[2023-04-12T02:49:33.218] [INFO] info - info debug message
[2023-04-12T02:49:41.539] [INFO] info - info debug message
[2023-04-12T02:50:22.704] [INFO] info - info debug message
[2023-04-12T02:51:55.269] [DEBUG] default - debug debug message
[2023-04-12T02:52:22.036] [ERROR] error - debug debug message
[2023-04-12T02:56:53.328] [ERROR] error - debug debug message
[2023-04-12T02:59:15.956] [ERROR] error - debug debug message
[2023-04-12T03:01:23.602] [INFO] info - info debug message
[2023-04-12T03:06:09.990] [INFO] info - info debug message
[2023-04-12T10:39:01.650] [INFO] info - info debug message
[2023-04-12T10:41:15.954] [INFO] info - info debug message
[2023-04-12T10:43:01.607] [INFO] info - info debug message
[2023-04-19T13:56:28.218] [INFO] info - info debug message
[2023-04-19T19:33:38.085] [INFO] info - info debug message
[2023-04-20T18:15:17.809] [INFO] info - info debug message
[2023-04-20T18:15:18.056] [INFO] info - info debug message
[2023-04-27T15:32:49.824] [ERROR] error - Cannot read properties of undefined (reading 'map')
[2023-04-27T15:33:54.905] [ERROR] error - Cannot read properties of undefined (reading 'map')
[2023-04-27T15:41:00.963] [ERROR] error - Cannot read properties of undefined (reading 'map')
[2023-04-27T15:43:36.162] [ERROR] error - Cannot read properties of undefined (reading 'map')
[2023-04-27T15:45:20.582] [ERROR] error - Cannot read properties of undefined (reading 'map')
[2023-04-27T15:47:31.848] [ERROR] error - Cannot read properties of undefined (reading 'map')
[2023-04-27T17:03:19.517] [ERROR] error - Cast to ObjectId failed for value "644409d68fb27bcf057beec" (type string) at path "_id" for model "User"
[2023-04-27T17:04:48.437] [ERROR] error - Cast to ObjectId failed for value "644409d68fb27bcf057fbee" (type string) at path "_id" for model "User"
